Mon Nov 19 2018 17:11:16 GMT+0000 (GMT): GET /
Mon Nov 19 2018 17:11:57 GMT+0000 (GMT): GET /
Mon Nov 19 2018 17:11:58 GMT+0000 (GMT): GET /favicon.ico
Mon Nov 19 2018 17:51:58 GMT+0000 (GMT): GET /
Mon Nov 19 2018 17:51:58 GMT+0000 (GMT): GET /favicon.ico
Mon Nov 19 2018 17:52:35 GMT+0000 (GMT): GET /
Mon Nov 19 2018 17:52:35 GMT+0000 (GMT): GET /favicon.ico
Mon Nov 19 2018 17:52:36 GMT+0000 (GMT): GET /
Mon Nov 19 2018 17:52:36 GMT+0000 (GMT): GET /favicon.ico
Mon Nov 19 2018 17:53:45 GMT+0000 (GMT): GET /
Mon Nov 19 2018 17:53:45 GMT+0000 (GMT): GET /favicon.ico
Mon Nov 19 2018 17:53:46 GMT+0000 (GMT): GET /
Mon Nov 19 2018 17:53:46 GMT+0000 (GMT): GET /favicon.ico
Mon Nov 19 2018 17:55:44 GMT+0000 (GMT): GET /
Mon Nov 19 2018 17:55:44 GMT+0000 (GMT): GET /favicon.ico
Mon Nov 19 2018 17:55:45 GMT+0000 (GMT): GET /
Mon Nov 19 2018 17:55:45 GMT+0000 (GMT): GET /favicon.ico
Mon Nov 19 2018 17:55:46 GMT+0000 (GMT): GET /
Mon Nov 19 2018 17:55:46 GMT+0000 (GMT): GET /favicon.ico
Mon Nov 19 2018 17:56:56 GMT+0000 (GMT): GET /
Mon Nov 19 2018 17:56:57 GMT+0000 (GMT): GET /favicon.ico
Mon Nov 19 2018 17:56:58 GMT+0000 (GMT): GET /
Mon Nov 19 2018 17:57:10 GMT+0000 (GMT): GET /
Mon Nov 19 2018 17:57:11 GMT+0000 (GMT): GET /favicon.ico
Mon Nov 19 2018 17:57:12 GMT+0000 (GMT): GET /
Mon Nov 19 2018 17:57:13 GMT+0000 (GMT): GET /
Mon Nov 19 2018 17:57:13 GMT+0000 (GMT): GET /favicon.ico
Mon Nov 19 2018 17:58:31 GMT+0000 (GMT): GET /
Mon Nov 19 2018 17:58:31 GMT+0000 (GMT): GET /favicon.ico
Mon Nov 19 2018 17:59:13 GMT+0000 (GMT): GET /
Mon Nov 19 2018 17:59:13 GMT+0000 (GMT): GET /favicon.ico
Mon Nov 19 2018 17:59:14 GMT+0000 (GMT): GET /
Mon Nov 19 2018 17:59:14 GMT+0000 (GMT): GET /favicon.ico
Mon Nov 19 2018 17:59:29 GMT+0000 (GMT): GET /
Mon Nov 19 2018 17:59:29 GMT+0000 (GMT): GET /favicon.ico
Mon Nov 19 2018 17:59:30 GMT+0000 (GMT): GET /
Mon Nov 19 2018 17:59:30 GMT+0000 (GMT): GET /favicon.ico
Mon Nov 19 2018 17:59:30 GMT+0000 (GMT): GET /
Mon Nov 19 2018 18:00:00 GMT+0000 (GMT): GET /
Mon Nov 19 2018 18:00:00 GMT+0000 (GMT): GET /favicon.ico
Mon Nov 19 2018 18:00:27 GMT+0000 (GMT): GET /
Mon Nov 19 2018 18:00:27 GMT+0000 (GMT): GET /favicon.ico
Mon Nov 19 2018 18:02:37 GMT+0000 (GMT): GET /
Mon Nov 19 2018 18:02:39 GMT+0000 (GMT): GET /about
Mon Nov 19 2018 18:03:24 GMT+0000 (GMT): GET /
Mon Nov 19 2018 18:03:24 GMT+0000 (GMT): GET /favicon.ico
Mon Nov 19 2018 18:04:09 GMT+0000 (GMT): GET /
Mon Nov 19 2018 18:04:09 GMT+0000 (GMT): GET /favicon.ico
Mon Nov 19 2018 18:04:58 GMT+0000 (GMT): GET /
Mon Nov 19 2018 18:04:58 GMT+0000 (GMT): GET /favicon.ico
Mon Nov 19 2018 18:04:59 GMT+0000 (GMT): GET /
Mon Nov 19 2018 18:04:59 GMT+0000 (GMT): GET /favicon.ico
Mon Nov 19 2018 18:05:08 GMT+0000 (GMT): GET /
Mon Nov 19 2018 18:05:09 GMT+0000 (GMT): GET /favicon.ico
Mon Nov 19 2018 18:05:39 GMT+0000 (GMT): GET /
Mon Nov 19 2018 18:05:39 GMT+0000 (GMT): GET /favicon.ico
Mon Nov 19 2018 18:07:33 GMT+0000 (GMT): GET /
Mon Nov 19 2018 18:07:33 GMT+0000 (GMT): GET /favicon.ico
Mon Nov 19 2018 18:07:35 GMT+0000 (GMT): GET /somewhereelse
Mon Nov 19 2018 18:07:38 GMT+0000 (GMT): GET /anotherplace
Mon Nov 19 2018 18:12:18 GMT+0000 (GMT): GET /
Mon Nov 19 2018 18:13:22 GMT+0000 (GMT): GET /
Mon Nov 19 2018 18:13:23 GMT+0000 (GMT): GET /favicon.ico
Mon Nov 19 2018 18:13:29 GMT+0000 (GMT): GET /
Mon Nov 19 2018 18:13:29 GMT+0000 (GMT): GET /favicon.ico
